0 silly argv {
0 silly argv   _: [ 'create' ],
0 silly argv   lernaVersion: '8.0.0',
0 silly argv   '$0': 'node_modules/.bin/lerna',
0 silly argv   name: 'package-1'
0 silly argv }
1 notice cli v8.0.0
2 verbose packageConfigs Resolving packages based on package.json "workspaces" configuration.
3 verbose rootPath /home/farsab/playground/lerna-workspace
4 info versioning independent
5 warn ENOREMOTE No git remote found, skipping repository property
6 error Error: canceled
6 error     at Interface.<anonymous> (/home/farsab/playground/lerna-workspace/node_modules/read/lib/read.js:79:15)
6 error     at Interface.emit (node:events:513:28)
6 error     at [_ttyWrite] [as _ttyWrite] (node:internal/readline/interface:1124:18)
6 error     at ReadStream.onkeypress (node:internal/readline/interface:273:20)
6 error     at ReadStream.emit (node:events:513:28)
6 error     at emitKeys (node:internal/readline/utils:357:14)
6 error     at emitKeys.next (<anonymous>)
6 error     at ReadStream.onData (node:internal/readline/emitKeypressEvents:64:36)
6 error     at ReadStream.emit (node:events:513:28)
